# JRE version: OpenJDK Runtime Environment (8.0_202-b03) (build 1.8.0_202-release-1483-b03)
# Java VM: OpenJDK 64-Bit Server VM (25.202-b03 mixed mode windows-amd64 compressed oops)
Heap:
 PSYoungGen      total 146432K, used 80532K [0x00000000e0000000, 0x00000000ea100000, 0x0000000100000000)
  eden space 135168K, 51% used [0x00000000e0000000,0x00000000e43a9b78,0x00000000e8400000)
  from space 11264K, 99% used [0x00000000e9180000,0x00000000e9c7b4f8,0x00000000e9c80000)
  to   space 13824K, 0% used [0x00000000e8400000,0x00000000e8400000,0x00000000e9180000)
 ParOldGen       total 85504K, used 19682K [0x00000000a0000000, 0x00000000a5380000, 0x00000000e0000000)
  object space 85504K, 23% used [0x00000000a0000000,0x00000000a1338b78,0x00000000a5380000)
 Metaspace       used 50170K, capacity 51358K, committed 51672K, reserved 1093632K
  class space    used 6771K, capacity 7058K, committed 7168K, reserved 1048576K
GC Heap History (10 events):
Event: 11.987 GC heap before
{Heap before GC invocations=8 (full 1):
 PSYoungGen      total 76288K, used 66560K [0x00000000e0000000, 0x00000000e5500000, 0x0000000100000000)
  eden space 66560K, 100% used [0x00000000e0000000,0x00000000e4100000,0x00000000e4100000)
  from space 9728K, 0% used [0x00000000e4b80000,0x00000000e4b80000,0x00000000e5500000)
  to   space 10240K, 0% used [0x00000000e4100000,0x00000000e4100000,0x00000000e4b00000)
 ParOldGen       total 57344K, used 7735K [0x00000000a0000000, 0x00000000a3800000, 0x00000000e0000000)
  object space 57344K, 13% used [0x00000000a0000000,0x00000000a078dfd8,0x00000000a3800000)
 Metaspace       used 28755K, capacity 29204K, committed 29696K, reserved 1075200K
  class space    used 3869K, capacity 4043K, committed 4096K, reserved 1048576K
Event: 12.009 GC heap after
Heap after GC invocations=8 (full 1):
 PSYoungGen      total 76800K, used 7879K [0x00000000e0000000, 0x00000000e7c00000, 0x0000000100000000)
  eden space 66560K, 0% used [0x00000000e0000000,0x00000000e0000000,0x00000000e4100000)
  from space 10240K, 76% used [0x00000000e4100000,0x00000000e48b1c28,0x00000000e4b00000)
  to   space 10240K, 0% used [0x00000000e7200000,0x00000000e7200000,0x00000000e7c00000)
 ParOldGen       total 57344K, used 7743K [0x00000000a0000000, 0x00000000a3800000, 0x00000000e0000000)
  object space 57344K, 13% used [0x00000000a0000000,0x00000000a078ffd8,0x00000000a3800000)
 Metaspace       used 28755K, capacity 29204K, committed 29696K, reserved 1075200K
  class space    used 3869K, capacity 4043K, committed 4096K, reserved 1048576K
}
Event: 13.800 GC heap before
{Heap before GC invocations=9 (full 1):
 PSYoungGen      total 76800K, used 74439K [0x00000000e0000000, 0x00000000e7c00000, 0x0000000100000000)
  eden space 66560K, 100% used [0x00000000e0000000,0x00000000e4100000,0x00000000e4100000)
  from space 10240K, 76% used [0x00000000e4100000,0x00000000e48b1c28,0x00000000e4b00000)
  to   space 10240K, 0% used [0x00000000e7200000,0x00000000e7200000,0x00000000e7c00000)
 ParOldGen       total 57344K, used 7743K [0x00000000a0000000, 0x00000000a3800000, 0x00000000e0000000)
  object space 57344K, 13% used [0x00000000a0000000,0x00000000a078ffd8,0x00000000a3800000)
 Metaspace       used 32123K, capacity 32620K, committed 33024K, reserved 1077248K
  class space    used 4417K, capacity 4563K, committed 4608K, reserved 1048576K
Event: 13.827 GC heap after
Heap after GC invocations=9 (full 1):
 PSYoungGen      total 114688K, used 8629K [0x00000000e0000000, 0x00000000e7b80000, 0x0000000100000000)
  eden space 104960K, 0% used [0x00000000e0000000,0x00000000e0000000,0x00000000e6680000)
  from space 9728K, 88% used [0x00000000e7200000,0x00000000e7a6d518,0x00000000e7b80000)
  to   space 10752K, 0% used [0x00000000e6680000,0x00000000e6680000,0x00000000e7100000)
 ParOldGen       total 57344K, used 7751K [0x00000000a0000000, 0x00000000a3800000, 0x00000000e0000000)
  object space 57344K, 13% used [0x00000000a0000000,0x00000000a0791fd8,0x00000000a3800000)
 Metaspace       used 32123K, capacity 32620K, committed 33024K, reserved 1077248K
  class space    used 4417K, capacity 4563K, committed 4608K, reserved 1048576K
}
Event: 22.105 GC heap before
{Heap before GC invocations=10 (full 1):
 PSYoungGen      total 114688K, used 55727K [0x00000000e0000000, 0x00000000e7b80000, 0x0000000100000000)
  eden space 104960K, 44% used [0x00000000e0000000,0x00000000e2dfe858,0x00000000e6680000)
  from space 9728K, 88% used [0x00000000e7200000,0x00000000e7a6d518,0x00000000e7b80000)
  to   space 10752K, 0% used [0x00000000e6680000,0x00000000e6680000,0x00000000e7100000)
 ParOldGen       total 57344K, used 7751K [0x00000000a0000000, 0x00000000a3800000, 0x00000000e0000000)
  object space 57344K, 13% used [0x00000000a0000000,0x00000000a0791fd8,0x00000000a3800000)
 Metaspace       used 34525K, capacity 35168K, committed 35416K, reserved 1079296K
  class space    used 4746K, capacity 4933K, committed 4992K, reserved 1048576K
Event: 22.127 GC heap after
Heap after GC invocations=10 (full 1):
 PSYoungGen      total 115712K, used 9944K [0x00000000e0000000, 0x00000000e9c80000, 0x0000000100000000)
  eden space 104960K, 0% used [0x00000000e0000000,0x00000000e0000000,0x00000000e6680000)
  from space 10752K, 92% used [0x00000000e6680000,0x00000000e7036210,0x00000000e7100000)
  to   space 11264K, 0% used [0x00000000e9180000,0x00000000e9180000,0x00000000e9c80000)
 ParOldGen       total 57344K, used 7759K [0x00000000a0000000, 0x00000000a3800000, 0x00000000e0000000)
  object space 57344K, 13% used [0x00000000a0000000,0x00000000a0793fd8,0x00000000a3800000)
 Metaspace       used 34525K, capacity 35168K, committed 35416K, reserved 1079296K
  class space    used 4746K, capacity 4933K, committed 4992K, reserved 1048576K
}
Event: 22.127 GC heap before
{Heap before GC invocations=11 (full 2):
 PSYoungGen      total 115712K, used 9944K [0x00000000e0000000, 0x00000000e9c80000, 0x0000000100000000)
  eden space 104960K, 0% used [0x00000000e0000000,0x00000000e0000000,0x00000000e6680000)
  from space 10752K, 92% used [0x00000000e6680000,0x00000000e7036210,0x00000000e7100000)
  to   space 11264K, 0% used [0x00000000e9180000,0x00000000e9180000,0x00000000e9c80000)
 ParOldGen       total 57344K, used 7759K [0x00000000a0000000, 0x00000000a3800000, 0x00000000e0000000)
  object space 57344K, 13% used [0x00000000a0000000,0x00000000a0793fd8,0x00000000a3800000)
 Metaspace       used 34525K, capacity 35168K, committed 35416K, reserved 1079296K
  class space    used 4746K, capacity 4933K, committed 4992K, reserved 1048576K
Event: 22.258 GC heap after
Heap after GC invocations=11 (full 2):
 PSYoungGen      total 115712K, used 0K [0x00000000e0000000, 0x00000000e9c80000, 0x0000000100000000)
  eden space 104960K, 0% used [0x00000000e0000000,0x00000000e0000000,0x00000000e6680000)
  from space 10752K, 0% used [0x00000000e6680000,0x00000000e6680000,0x00000000e7100000)
  to   space 11264K, 0% used [0x00000000e9180000,0x00000000e9180000,0x00000000e9c80000)
 ParOldGen       total 85504K, used 16706K [0x00000000a0000000, 0x00000000a5380000, 0x00000000e0000000)
  object space 85504K, 19% used [0x00000000a0000000,0x00000000a10508d8,0x00000000a5380000)
 Metaspace       used 34525K, capacity 35168K, committed 35416K, reserved 1079296K
  class space    used 4746K, capacity 4933K, committed 4992K, reserved 1048576K
}
Event: 42.136 GC heap before
{Heap before GC invocations=12 (full 2):
 PSYoungGen      total 115712K, used 104960K [0x00000000e0000000, 0x00000000e9c80000, 0x0000000100000000)
  eden space 104960K, 100% used [0x00000000e0000000,0x00000000e6680000,0x00000000e6680000)
  from space 10752K, 0% used [0x00000000e6680000,0x00000000e6680000,0x00000000e7100000)
  to   space 11264K, 0% used [0x00000000e9180000,0x00000000e9180000,0x00000000e9c80000)
 ParOldGen       total 85504K, used 16706K [0x00000000a0000000, 0x00000000a5380000, 0x00000000e0000000)
  object space 85504K, 19% used [0x00000000a0000000,0x00000000a10508d8,0x00000000a5380000)
 Metaspace       used 45284K, capacity 46206K, committed 46552K, reserved 1089536K
  class space    used 6108K, capacity 6366K, committed 6400K, reserved 1048576K
Event: 42.163 GC heap after
Heap after GC invocations=12 (full 2):
 PSYoungGen      total 146432K, used 11245K [0x00000000e0000000, 0x00000000ea100000, 0x0000000100000000)
  eden space 135168K, 0% used [0x00000000e0000000,0x00000000e0000000,0x00000000e8400000)
  from space 11264K, 99% used [0x00000000e9180000,0x00000000e9c7b4f8,0x00000000e9c80000)
  to   space 13824K, 0% used [0x00000000e8400000,0x00000000e8400000,0x00000000e9180000)
 ParOldGen       total 85504K, used 19682K [0x00000000a0000000, 0x00000000a5380000, 0x00000000e0000000)
  object space 85504K, 23% used [0x00000000a0000000,0x00000000a1338b78,0x00000000a5380000)
 Metaspace       used 45284K, capacity 46206K, committed 46552K, reserved 1089536K
  class space    used 6108K, capacity 6366K, committed 6400K, reserved 1048576K
}

