# JRE version: OpenJDK Runtime Environment (8.0_202-b03) (build 1.8.0_202-release-1483-b03)
# Java VM: OpenJDK 64-Bit Server VM (25.202-b03 mixed mode windows-amd64 compressed oops)
Heap:
 PSYoungGen      total 76800K, used 10053K [0x00000000e0000000, 0x00000000e8600000, 0x0000000100000000)
  eden space 66560K, 2% used [0x00000000e0000000,0x00000000e0159e50,0x00000000e4100000)
  from space 10240K, 84% used [0x00000000e7c00000,0x00000000e8477680,0x00000000e8600000)
  to   space 10240K, 0% used [0x00000000e4100000,0x00000000e4100000,0x00000000e4b00000)
 ParOldGen       total 54272K, used 8440K [0x00000000a0000000, 0x00000000a3500000, 0x00000000e0000000)
  object space 54272K, 15% used [0x00000000a0000000,0x00000000a083e3e0,0x00000000a3500000)
 Metaspace       used 32398K, capacity 32942K, committed 33152K, reserved 1077248K
  class space    used 4466K, capacity 4652K, committed 4736K, reserved 1048576K
GC Heap History (10 events):
Event: 6.705 GC heap before
{Heap before GC invocations=5 (full 0):
 PSYoungGen      total 38400K, used 38384K [0x00000000e0000000, 0x00000000e4b00000, 0x0000000100000000)
  eden space 33280K, 100% used [0x00000000e0000000,0x00000000e2080000,0x00000000e2080000)
  from space 5120K, 99% used [0x00000000e2580000,0x00000000e2a7c030,0x00000000e2a80000)
  to   space 5120K, 0% used [0x00000000e2080000,0x00000000e2080000,0x00000000e2580000)
 ParOldGen       total 87552K, used 5118K [0x00000000a0000000, 0x00000000a5580000, 0x00000000e0000000)
  object space 87552K, 5% used [0x00000000a0000000,0x00000000a04ffb48,0x00000000a5580000)
 Metaspace       used 19169K, capacity 19632K, committed 19968K, reserved 1067008K
  class space    used 2790K, capacity 2958K, committed 3072K, reserved 1048576K
Event: 6.715 GC heap after
Heap after GC invocations=5 (full 0):
 PSYoungGen      total 38400K, used 5092K [0x00000000e0000000, 0x00000000e5600000, 0x0000000100000000)
  eden space 33280K, 0% used [0x00000000e0000000,0x00000000e0000000,0x00000000e2080000)
  from space 5120K, 99% used [0x00000000e2080000,0x00000000e2579050,0x00000000e2580000)
  to   space 10752K, 0% used [0x00000000e4b80000,0x00000000e4b80000,0x00000000e5600000)
 ParOldGen       total 87552K, used 8808K [0x00000000a0000000, 0x00000000a5580000, 0x00000000e0000000)
  object space 87552K, 10% used [0x00000000a0000000,0x00000000a089a010,0x00000000a5580000)
 Metaspace       used 19169K, capacity 19632K, committed 19968K, reserved 1067008K
  class space    used 2790K, capacity 2958K, committed 3072K, reserved 1048576K
}
Event: 6.922 GC heap before
{Heap before GC invocations=6 (full 0):
 PSYoungGen      total 38400K, used 16274K [0x00000000e0000000, 0x00000000e5600000, 0x0000000100000000)
  eden space 33280K, 33% used [0x00000000e0000000,0x00000000e0aeb840,0x00000000e2080000)
  from space 5120K, 99% used [0x00000000e2080000,0x00000000e2579050,0x00000000e2580000)
  to   space 10752K, 0% used [0x00000000e4b80000,0x00000000e4b80000,0x00000000e5600000)
 ParOldGen       total 87552K, used 8808K [0x00000000a0000000, 0x00000000a5580000, 0x00000000e0000000)
  object space 87552K, 10% used [0x00000000a0000000,0x00000000a089a010,0x00000000a5580000)
 Metaspace       used 20711K, capacity 21142K, committed 21296K, reserved 1067008K
  class space    used 2956K, capacity 3119K, committed 3200K, reserved 1048576K
Event: 6.943 GC heap after
Heap after GC invocations=6 (full 0):
 PSYoungGen      total 76288K, used 6763K [0x00000000e0000000, 0x00000000e5500000, 0x0000000100000000)
  eden space 66560K, 0% used [0x00000000e0000000,0x00000000e0000000,0x00000000e4100000)
  from space 9728K, 69% used [0x00000000e4b80000,0x00000000e521adf0,0x00000000e5500000)
  to   space 10240K, 0% used [0x00000000e4100000,0x00000000e4100000,0x00000000e4b00000)
 ParOldGen       total 87552K, used 8808K [0x00000000a0000000, 0x00000000a5580000, 0x00000000e0000000)
  object space 87552K, 10% used [0x00000000a0000000,0x00000000a089a010,0x00000000a5580000)
 Metaspace       used 20711K, capacity 21142K, committed 21296K, reserved 1067008K
  class space    used 2956K, capacity 3119K, committed 3200K, reserved 1048576K
}
Event: 6.943 GC heap before
{Heap before GC invocations=7 (full 1):
 PSYoungGen      total 76288K, used 6763K [0x00000000e0000000, 0x00000000e5500000, 0x0000000100000000)
  eden space 66560K, 0% used [0x00000000e0000000,0x00000000e0000000,0x00000000e4100000)
  from space 9728K, 69% used [0x00000000e4b80000,0x00000000e521adf0,0x00000000e5500000)
  to   space 10240K, 0% used [0x00000000e4100000,0x00000000e4100000,0x00000000e4b00000)
 ParOldGen       total 87552K, used 8808K [0x00000000a0000000, 0x00000000a5580000, 0x00000000e0000000)
  object space 87552K, 10% used [0x00000000a0000000,0x00000000a089a010,0x00000000a5580000)
 Metaspace       used 20711K, capacity 21142K, committed 21296K, reserved 1067008K
  class space    used 2956K, capacity 3119K, committed 3200K, reserved 1048576K
Event: 7.007 GC heap after
Heap after GC invocations=7 (full 1):
 PSYoungGen      total 76288K, used 0K [0x00000000e0000000, 0x00000000e5500000, 0x0000000100000000)
  eden space 66560K, 0% used [0x00000000e0000000,0x00000000e0000000,0x00000000e4100000)
  from space 9728K, 0% used [0x00000000e4b80000,0x00000000e4b80000,0x00000000e5500000)
  to   space 10240K, 0% used [0x00000000e4100000,0x00000000e4100000,0x00000000e4b00000)
 ParOldGen       total 54272K, used 8432K [0x00000000a0000000, 0x00000000a3500000, 0x00000000e0000000)
  object space 54272K, 15% used [0x00000000a0000000,0x00000000a083c3e0,0x00000000a3500000)
 Metaspace       used 20711K, capacity 21142K, committed 21296K, reserved 1067008K
  class space    used 2956K, capacity 3119K, committed 3200K, reserved 1048576K
}
Event: 8.310 GC heap before
{Heap before GC invocations=8 (full 1):
 PSYoungGen      total 76288K, used 66560K [0x00000000e0000000, 0x00000000e5500000, 0x0000000100000000)
  eden space 66560K, 100% used [0x00000000e0000000,0x00000000e4100000,0x00000000e4100000)
  from space 9728K, 0% used [0x00000000e4b80000,0x00000000e4b80000,0x00000000e5500000)
  to   space 10240K, 0% used [0x00000000e4100000,0x00000000e4100000,0x00000000e4b00000)
 ParOldGen       total 54272K, used 8432K [0x00000000a0000000, 0x00000000a3500000, 0x00000000e0000000)
  object space 54272K, 15% used [0x00000000a0000000,0x00000000a083c3e0,0x00000000a3500000)
 Metaspace       used 29042K, capacity 29552K, committed 29824K, reserved 1075200K
  class space    used 3927K, capacity 4098K, committed 4224K, reserved 1048576K
Event: 8.327 GC heap after
Heap after GC invocations=8 (full 1):
 PSYoungGen      total 76800K, used 8092K [0x00000000e0000000, 0x00000000e8600000, 0x0000000100000000)
  eden space 66560K, 0% used [0x00000000e0000000,0x00000000e0000000,0x00000000e4100000)
  from space 10240K, 79% used [0x00000000e4100000,0x00000000e48e71a8,0x00000000e4b00000)
  to   space 10240K, 0% used [0x00000000e7c00000,0x00000000e7c00000,0x00000000e8600000)
 ParOldGen       total 54272K, used 8440K [0x00000000a0000000, 0x00000000a3500000, 0x00000000e0000000)
  object space 54272K, 15% used [0x00000000a0000000,0x00000000a083e3e0,0x00000000a3500000)
 Metaspace       used 29042K, capacity 29552K, committed 29824K, reserved 1075200K
  class space    used 3927K, capacity 4098K, committed 4224K, reserved 1048576K
}
Event: 9.770 GC heap before
{Heap before GC invocations=9 (full 1):
 PSYoungGen      total 76800K, used 74652K [0x00000000e0000000, 0x00000000e8600000, 0x0000000100000000)
  eden space 66560K, 100% used [0x00000000e0000000,0x00000000e4100000,0x00000000e4100000)
  from space 10240K, 79% used [0x00000000e4100000,0x00000000e48e71a8,0x00000000e4b00000)
  to   space 10240K, 0% used [0x00000000e7c00000,0x00000000e7c00000,0x00000000e8600000)
 ParOldGen       total 54272K, used 8440K [0x00000000a0000000, 0x00000000a3500000, 0x00000000e0000000)
  object space 54272K, 15% used [0x00000000a0000000,0x00000000a083e3e0,0x00000000a3500000)
 Metaspace       used 32387K, capacity 32942K, committed 33152K, reserved 1077248K
  class space    used 4466K, capacity 4652K, committed 4736K, reserved 1048576K
Event: 9.842 GC heap after
Heap after GC invocations=9 (full 1):
 PSYoungGen      total 76800K, used 8669K [0x00000000e0000000, 0x00000000e8600000, 0x0000000100000000)
  eden space 66560K, 0% used [0x00000000e0000000,0x00000000e0000000,0x00000000e4100000)
  from space 10240K, 84% used [0x00000000e7c00000,0x00000000e8477680,0x00000000e8600000)
  to   space 10240K, 0% used [0x00000000e4100000,0x00000000e4100000,0x00000000e4b00000)
 ParOldGen       total 54272K, used 8440K [0x00000000a0000000, 0x00000000a3500000, 0x00000000e0000000)
  object space 54272K, 15% used [0x00000000a0000000,0x00000000a083e3e0,0x00000000a3500000)
 Metaspace       used 32387K, capacity 32942K, committed 33152K, reserved 1077248K
  class space    used 4466K, capacity 4652K, committed 4736K, reserved 1048576K
}

